app/build/outputs/logs/manifest-merger-debug-report.txt
-- Merging decision tree log ---
manifest
ADDED from src/main/AndroidManifest.xml:2:1-39:12
	xmlns:android
		ADDED from src/main/AndroidManifest.xml:2:11-69
	package
		ADDED from src/main/AndroidManifest.xml:3:7-48
		INJECTED from src/main/AndroidManifest.xml
		INJECTED from src/main/AndroidManifest.xml
	android:versionName
		ADDED from src/main/AndroidManifest.xml:5:7-32
		INJECTED from src/main/AndroidManifest.xml
		INJECTED from src/main/AndroidManifest.xml
	android:versionCode
		ADDED from src/main/AndroidManifest.xml:4:7-31
		INJECTED from src/main/AndroidManifest.xml
		INJECTED from src/main/AndroidManifest.xml
application
ADDED from src/main/AndroidManifest.xml:6:5-33:19
MERGED from [com.android.support:appcompat-v7:23.1.1] AndroidManifest.xml:22:5-20
MERGED from [com.android.support:support-v4:23.1.1] AndroidManifest.xml:22:5-20
MERGED from [com.google.android.gms:play-services-appindexing:8.1.0] AndroidManifest.xml:19:5-20
MERGED from [com.google.android.gms:play-services-basement:8.1.0] AndroidManifest.xml:20:5-24:19
MERGED from [com.android.support:support-v4:23.1.1] AndroidManifest.xml:22:5-20
	android:label
		ADDED from src/main/AndroidManifest.xml:6:48-80
	android:debuggable
		ADDED from src/main/AndroidManifest.xml:6:81-106
	android:icon
		ADDED from src/main/AndroidManifest.xml:6:18-47
activity#com.jonas.stopcollaboratelisten.Main
ADDED from src/main/AndroidManifest.xml:7:9-21:18
	android:label
		ADDED from src/main/AndroidManifest.xml:8:19-51
	android:name
		ADDED from src/main/AndroidManifest.xml:7:19-38
intent-filter#android.intent.action.MAIN+android.intent.category.LAUNCHER
ADDED from src/main/AndroidManifest.xml:9:13-12:29
action#android.intent.action.MAIN
ADDED from src/main/AndroidManifest.xml:10:17-69
	android:name
		ADDED from src/main/AndroidManifest.xml:10:25-66
category#android.intent.category.LAUNCHER
ADDED from src/main/AndroidManifest.xml:11:17-77
	android:name
		ADDED from src/main/AndroidManifest.xml:11:27-74
intent-filter#android.intent.action.SEND+android.intent.category.DEFAULT
ADDED from src/main/AndroidManifest.xml:15:4-19:30
	android:label
		ADDED from src/main/AndroidManifest.xml:15:19-56
action#android.intent.action.SEND
ADDED from src/main/AndroidManifest.xml:16:18-70
	android:name
		ADDED from src/main/AndroidManifest.xml:16:26-67
data
ADDED from src/main/AndroidManifest.xml:17:19-53
	android:mimeType
		ADDED from src/main/AndroidManifest.xml:17:25-50
category#android.intent.category.DEFAULT
ADDED from src/main/AndroidManifest.xml:18:19-78
	android:name
		ADDED from src/main/AndroidManifest.xml:18:29-75
service#com.jonas.stopcollaboratelisten.SessionService
ADDED from src/main/AndroidManifest.xml:23:7-27:17
	android:label
		ADDED from src/main/AndroidManifest.xml:26:8-44
	android:icon
		ADDED from src/main/AndroidManifest.xml:25:8-37
	android:name
		ADDED from src/main/AndroidManifest.xml:24:8-38
meta-data#com.google.android.gms.version
ADDED from src/main/AndroidManifest.xml:29:9-31:69
MERGED from [com.google.android.gms:play-services-basement:8.1.0] AndroidManifest.xml:21:9-23:69
	android:name
		ADDED from src/main/AndroidManifest.xml:30:13-58
	android:value
		ADDED from src/main/AndroidManifest.xml:31:13-66
uses-sdk
ADDED from src/main/AndroidManifest.xml:35:5-73
MERGED from [com.android.support:appcompat-v7:23.1.1] AndroidManifest.xml:20:5-43
MERGED from [com.android.support:support-v4:23.1.1] AndroidManifest.xml:20:5-43
MERGED from [com.google.android.gms:play-services-appindexing:8.1.0] AndroidManifest.xml:18:5-42
MERGED from [com.google.android.gms:play-services-basement:8.1.0] AndroidManifest.xml:18:5-42
MERGED from [com.android.support:support-v4:23.1.1] AndroidManifest.xml:20:5-43
	android:targetSdkVersion
		ADDED from src/main/AndroidManifest.xml:35:15-44
		INJECTED from src/main/AndroidManifest.xml
		INJECTED from src/main/AndroidManifest.xml
	android:minSdkVersion
		ADDED from src/main/AndroidManifest.xml:35:45-71
		INJECTED from src/main/AndroidManifest.xml
		INJECTED from src/main/AndroidManifest.xml
uses-permission#android.permission.RECORD_AUDIO
ADDED from src/main/AndroidManifest.xml:37:1-83
	android:name
		ADDED from src/main/AndroidManifest.xml:37:18-64